[2026-01-22 09:42:32] --- STARTING DAILY PIPELINE ---
[2026-01-22 09:42:32] NewsAgent: Fetching latest global headlines...
[2026-01-22 09:42:35] VerificationAgent: Cross-referencing stories...
[2026-01-22 09:42:35] VerificationAgent: 30 stories verified and deduplicated.
[2026-01-22 09:42:35] ScriptwriterAgent: Generating YouTube script template...
[2026-01-22 09:42:35] MasterOrchestrator: Daily Production Pack ready at d:/interest/automated_production/reports/production_2026-01-22.json
[2026-01-22 09:42:35] --- PIPELINE SUCCESSFUL ---
[2026-01-22 10:45:43] --- STARTING DAILY PIPELINE ---
[2026-01-22 10:45:43] NewsAgent: Fetching latest global headlines from NewsAPI...
[2026-01-22 10:45:43] NewsAgent Exception: name 'NEWS_API_KEY' is not defined
[2026-01-22 10:45:43] VerificationAgent: Cross-referencing stories...
[2026-01-22 10:45:43] VerificationAgent: 0 stories verified and deduplicated.
[2026-01-22 10:45:43] ScriptwriterAgent: Generating YouTube script template...
[2026-01-22 10:45:43] VoiceoverAgent: Generating voiceover with ElevenLabs...
[2026-01-22 10:47:09] --- STARTING DAILY PIPELINE ---
[2026-01-22 10:47:09] NewsAgent: Fetching latest global headlines from NewsAPI...
[2026-01-22 10:47:10] NewsAgent: Successfully fetched 15 articles.
[2026-01-22 10:47:10] VerificationAgent: Cross-referencing stories...
[2026-01-22 10:47:10] VerificationAgent: 15 stories verified and deduplicated.
[2026-01-22 10:47:10] ScriptwriterAgent: Generating YouTube script template...
[2026-01-22 10:47:10] VoiceoverAgent: Generating voiceover with ElevenLabs...
[2026-01-22 10:47:11] ElevenLabs Error: {"detail":{"status":"missing_permissions","message":"The API key you used is missing the permission text_to_speech to execute this operation."}}
[2026-01-22 10:47:11] VideoAgent: Gathering stock footage from Pexels...
[2026-01-22 10:47:13] VideoAgent: Found asset for 'Lindsey Halligan out as U.S. attorney following pressure from judges - The Washington Post'
[2026-01-22 10:47:15] VideoAgent: Found asset for 'Amazon gets approval to build massive retail concept in Orland Park - chicago.suntimes.com'
[2026-01-22 10:47:16] VideoAgent: Found asset for 'Both astronauts that flew on Boeing’s troubled Starliner mission are now retired - CNN'
[2026-01-22 10:47:18] VideoAgent: Found asset for 'Driver killed and several injured after train derails near Barcelona, local media report - BBC'
[2026-01-22 10:47:19] VideoAgent: Found asset for 'Galaxy S26 Ultra color lineup looks pretty boring, and didn’t even copy iPhone orange - 9to5Google'
[2026-01-22 10:47:19] MasterOrchestrator: Daily Production Pack ready at d:/interest/automated_production/reports/production_2026-01-22.json
[2026-01-22 10:47:19] --- PIPELINE SUCCESSFUL ---
[2026-01-22 10:59:47] --- STARTING DAILY PIPELINE ---
[2026-01-22 10:59:47] NewsAgent: Fetching latest global headlines from NewsAPI...
[2026-01-22 10:59:48] NewsAgent: Successfully fetched 15 articles.
[2026-01-22 10:59:48] VerificationAgent: Cross-referencing stories...
[2026-01-22 10:59:48] VerificationAgent: 15 stories verified and deduplicated.
[2026-01-22 10:59:48] ScriptwriterAgent: Generating YouTube script template...
[2026-01-22 10:59:48] VoiceoverAgent: Generating voiceover with ElevenLabs...
[2026-01-22 10:59:49] ElevenLabs Error: {"detail":{"status":"missing_permissions","message":"The API key you used is missing the permission text_to_speech to execute this operation."}}
[2026-01-22 10:59:49] VideoAgent: Gathering stock footage from Pexels...
[2026-01-22 10:59:51] VideoAgent: Found asset for 'Lindsey Halligan out as U.S. attorney following pressure from judges - The Washington Post'
[2026-01-22 10:59:52] VideoAgent: Found asset for 'Amazon gets approval to build massive retail concept in Orland Park - chicago.suntimes.com'
[2026-01-22 10:59:53] VideoAgent: Found asset for 'Both astronauts that flew on Boeing’s troubled Starliner mission are now retired - CNN'
[2026-01-22 10:59:54] VideoAgent: Found asset for 'Driver killed and several injured after train derails near Barcelona, local media report - BBC'
[2026-01-22 10:59:55] VideoAgent: Found asset for 'Galaxy S26 Ultra color lineup looks pretty boring, and didn’t even copy iPhone orange - 9to5Google'
[2026-01-22 11:00:55] --- STARTING DAILY PIPELINE ---
[2026-01-22 11:00:55] NewsAgent: Fetching latest global headlines from NewsAPI...
[2026-01-22 11:00:56] NewsAgent: Successfully fetched 15 articles.
[2026-01-22 11:00:56] VerificationAgent: Cross-referencing stories...
[2026-01-22 11:00:56] VerificationAgent: 15 stories verified and deduplicated.
[2026-01-22 11:00:56] ScriptwriterAgent: Generating YouTube script template...
[2026-01-22 11:00:56] VoiceoverAgent: Generating voiceover with ElevenLabs...
[2026-01-22 11:00:57] ElevenLabs Error: {"detail":{"status":"missing_permissions","message":"The API key you used is missing the permission text_to_speech to execute this operation."}}
[2026-01-22 11:00:57] VideoAgent: Gathering stock footage from Pexels...
[2026-01-22 11:00:58] VideoAgent: Found asset for 'Lindsey Halligan out as U.S. attorney following pressure from judges - The Washington Post'
[2026-01-22 11:00:59] VideoAgent: Found asset for 'Amazon gets approval to build massive retail concept in Orland Park - chicago.suntimes.com'
[2026-01-22 11:00:59] VideoAgent: Found asset for 'Both astronauts that flew on Boeing’s troubled Starliner mission are now retired - CNN'
[2026-01-22 11:01:00] VideoAgent: Found asset for 'Driver killed and several injured after train derails near Barcelona, local media report - BBC'
[2026-01-22 11:01:01] VideoAgent: Found asset for 'Galaxy S26 Ultra color lineup looks pretty boring, and didn’t even copy iPhone orange - 9to5Google'
[2026-01-22 11:01:02] VideoAssemblyAgent: Assembling final video...
[2026-01-22 11:01:02] VideoAssemblyAgent: Downloading asset 0 from https://videos.pexels.com/video-files/2825510/2825510-sd_640_360_24fps.mp4
[2026-01-22 11:01:04] VideoAssemblyAgent Exception: 'VideoFileClip' object has no attribute 'subclip'
[2026-01-22 11:01:12] YouTubeUploadAgent: Preparing video upload...
[2026-01-22 11:01:12] YouTubeUploadAgent: No video file found for upload.
[2026-01-22 11:01:12] MasterOrchestrator: Daily Production Pack ready at d:/interest/automated_production/reports/production_2026-01-22.json
[2026-01-22 11:01:12] --- PIPELINE SUCCESSFUL ---
[2026-01-22 11:01:34] --- STARTING DAILY PIPELINE ---
[2026-01-22 11:01:34] NewsAgent: Fetching latest global headlines from NewsAPI...
[2026-01-22 11:01:35] NewsAgent: Successfully fetched 15 articles.
[2026-01-22 11:01:35] VerificationAgent: Cross-referencing stories...
[2026-01-22 11:01:35] VerificationAgent: 15 stories verified and deduplicated.
[2026-01-22 11:01:35] ScriptwriterAgent: Generating YouTube script template...
[2026-01-22 11:01:35] VoiceoverAgent: Generating voiceover with ElevenLabs...
[2026-01-22 11:01:35] ElevenLabs Error: {"detail":{"status":"missing_permissions","message":"The API key you used is missing the permission text_to_speech to execute this operation."}}
[2026-01-22 11:01:35] VideoAgent: Gathering stock footage from Pexels...
[2026-01-22 11:01:36] VideoAgent: Found asset for 'Lindsey Halligan out as U.S. attorney following pressure from judges - The Washington Post'
[2026-01-22 11:01:37] VideoAgent: Found asset for 'Amazon gets approval to build massive retail concept in Orland Park - chicago.suntimes.com'
[2026-01-22 11:01:38] VideoAgent: Found asset for 'Both astronauts that flew on Boeing’s troubled Starliner mission are now retired - CNN'
[2026-01-22 11:01:39] VideoAgent: Found asset for 'Driver killed and several injured after train derails near Barcelona, local media report - BBC'
[2026-01-22 11:01:39] VideoAgent: Found asset for 'Galaxy S26 Ultra color lineup looks pretty boring, and didn’t even copy iPhone orange - 9to5Google'
[2026-01-22 11:01:40] VideoAssemblyAgent: Assembling final video...
[2026-01-22 11:01:40] VideoAssemblyAgent: Downloading asset 0 from https://videos.pexels.com/video-files/2825510/2825510-sd_640_360_24fps.mp4
[2026-01-22 11:01:44] VideoAssemblyAgent Exception: end_time (10.00) should be smaller or equal to the clip's duration (5.35).
[2026-01-22 11:01:46] YouTubeUploadAgent: Preparing video upload...
[2026-01-22 11:01:46] YouTubeUploadAgent: No video file found for upload.
[2026-01-22 11:01:46] MasterOrchestrator: Daily Production Pack ready at d:/interest/automated_production/reports/production_2026-01-22.json
[2026-01-22 11:01:46] --- PIPELINE SUCCESSFUL ---
[2026-01-22 11:02:19] --- STARTING DAILY PIPELINE ---
[2026-01-22 11:02:19] NewsAgent: Fetching latest global headlines from NewsAPI...
[2026-01-22 11:02:20] NewsAgent: Successfully fetched 15 articles.
[2026-01-22 11:02:20] VerificationAgent: Cross-referencing stories...
[2026-01-22 11:02:20] VerificationAgent: 15 stories verified and deduplicated.
[2026-01-22 11:02:20] ScriptwriterAgent: Generating YouTube script template...
[2026-01-22 11:02:20] VoiceoverAgent: Generating voiceover with ElevenLabs...
[2026-01-22 11:02:21] ElevenLabs Error: {"detail":{"status":"missing_permissions","message":"The API key you used is missing the permission text_to_speech to execute this operation."}}
[2026-01-22 11:02:21] VideoAgent: Gathering stock footage from Pexels...
[2026-01-22 11:02:21] VideoAgent: Found asset for 'Lindsey Halligan out as U.S. attorney following pressure from judges - The Washington Post'
[2026-01-22 11:02:22] VideoAgent: Found asset for 'Amazon gets approval to build massive retail concept in Orland Park - chicago.suntimes.com'
[2026-01-22 11:02:23] VideoAgent: Found asset for 'Both astronauts that flew on Boeing’s troubled Starliner mission are now retired - CNN'
[2026-01-22 11:02:24] VideoAgent: Found asset for 'Driver killed and several injured after train derails near Barcelona, local media report - BBC'
[2026-01-22 11:02:25] VideoAgent: Found asset for 'Galaxy S26 Ultra color lineup looks pretty boring, and didn’t even copy iPhone orange - 9to5Google'
[2026-01-22 11:02:26] VideoAssemblyAgent: Assembling final video...
[2026-01-22 11:02:26] VideoAssemblyAgent: Downloading asset 0 from https://videos.pexels.com/video-files/2825510/2825510-sd_640_360_24fps.mp4
[2026-01-22 11:02:27] VideoAssemblyAgent: Downloading asset 1 from https://videos.pexels.com/video-files/8465178/8465178-hd_1920_1080_25fps.mp4
[2026-01-22 11:02:30] VideoAssemblyAgent: Downloading asset 2 from https://videos.pexels.com/video-files/7670560/7670560-sd_640_360_25fps.mp4
[2026-01-22 11:02:31] VideoAssemblyAgent: Downloading asset 3 from https://videos.pexels.com/video-files/26628206/11980147_640_360_30fps.mp4
[2026-01-22 11:02:35] VideoAssemblyAgent: Downloading asset 4 from https://videos.pexels.com/video-files/8225859/8225859-hd_720_1280_25fps.mp4
[2026-01-22 11:02:38] VideoAssemblyAgent: No audio file found. Final video will be silent.
[2026-01-22 11:08:20] VideoAssemblyAgent: Final video saved to d:/interest/automated_production/videos/final_production_20260122_110238.mp4
[2026-01-22 11:08:25] YouTubeUploadAgent: Preparing video upload...
[2026-01-22 11:08:26] YouTubeUploadAgent Real Upload Exception: ('invalid_client: The OAuth client was not found.', {'error': 'invalid_client', 'error_description': 'The OAuth client was not found.'})
[2026-01-22 11:08:26] MasterOrchestrator: Daily Production Pack ready at d:/interest/automated_production/reports/production_2026-01-22.json
[2026-01-22 11:08:26] --- PIPELINE SUCCESSFUL ---
[2026-01-22 11:25:26] VideoAssemblyAgent: Assembling final video...
[2026-01-22 11:25:26] VideoAssemblyAgent: Downloading asset 0 from https://videos.pexels.com/video-files/2825510/2825510-sd_640_360_24fps.mp4
[2026-01-22 11:25:27] VideoAssemblyAgent: Downloading asset 1 from https://videos.pexels.com/video-files/8465178/8465178-hd_1920_1080_25fps.mp4
[2026-01-22 11:25:29] VideoAssemblyAgent: Downloading asset 2 from https://videos.pexels.com/video-files/7670560/7670560-sd_640_360_25fps.mp4
[2026-01-22 11:25:30] VideoAssemblyAgent: Downloading asset 3 from https://videos.pexels.com/video-files/26628206/11980147_640_360_30fps.mp4
[2026-01-22 11:25:32] VideoAssemblyAgent: Downloading asset 4 from https://videos.pexels.com/video-files/8225859/8225859-hd_720_1280_25fps.mp4
[2026-01-22 11:25:34] VideoAssemblyAgent Exception: 'CompositeVideoClip' object has no attribute 'set_audio'
[2026-01-22 11:25:59] VideoAssemblyAgent: Assembling final video...
[2026-01-22 11:25:59] VideoAssemblyAgent: Downloading asset 0 from https://videos.pexels.com/video-files/2825510/2825510-sd_640_360_24fps.mp4
[2026-01-22 11:26:00] VideoAssemblyAgent: Downloading asset 1 from https://videos.pexels.com/video-files/8465178/8465178-hd_1920_1080_25fps.mp4
[2026-01-22 11:26:02] VideoAssemblyAgent: Downloading asset 2 from https://videos.pexels.com/video-files/7670560/7670560-sd_640_360_25fps.mp4
[2026-01-22 11:26:02] VideoAssemblyAgent: Downloading asset 3 from https://videos.pexels.com/video-files/26628206/11980147_640_360_30fps.mp4
[2026-01-22 11:26:04] VideoAssemblyAgent: Downloading asset 4 from https://videos.pexels.com/video-files/8225859/8225859-hd_720_1280_25fps.mp4
[2026-01-22 11:28:48] VideoAssemblyAgent: Final video saved to d:/interest/automated_production/videos/final_production_20260122_112607.mp4
